File: AI_grenade.sqf Compressed: NO
Extraction result: SUCCESS!
File: arty_gui\arty_event.sqf Compressed: NO
Extraction result: SUCCESS!
File: arty_gui\arty_fire.sqf Compressed: NO
Extraction result: SUCCESS!
File: arty_gui\arty_player.sqf Compressed: NO
Extraction result: SUCCESS!
File: arty_gui\arty_server.sqf Compressed: NO
Extraction result: SUCCESS!
File: arty_gui\botten_circle_nomal.pac Compressed: NO
Extraction result: SUCCESS!
File: arty_gui\botten_circle_Push.pac Compressed: NO
Extraction result: SUCCESS!
File: arty_gui\botten_HE_nomal.pac Compressed: NO
Extraction result: SUCCESS!
File: arty_gui\botten_HE_push.pac Compressed: NO
Extraction result: SUCCESS!
File: arty_gui\botten_SMOKE_nomal.pac Compressed: NO
Extraction result: SUCCESS!
File: arty_gui\botten_SMOKE_push.pac Compressed: NO
Extraction result: SUCCESS!
File: arty_gui\defines.hpp Compressed: NO
Extraction result: SUCCESS!
File: arty_gui\dialogs.hpp Compressed: NO
Extraction result: SUCCESS!
File: arty_gui\explain.jpg Compressed: NO
Extraction result: SUCCESS!
File: arty_gui\fire_arty.sqf Compressed: NO
Extraction result: SUCCESS!
File: arty_gui\fnc.sqf Compressed: NO
Extraction result: SUCCESS!
File: arty_gui\OK_light.pac Compressed: NO
Extraction result: SUCCESS!
File: arty_gui\Support_fire_Main.jpg Compressed: NO
Extraction result: SUCCESS!
File: arty_script.sqf Compressed: NO
Extraction result: SUCCESS!
File: briefing.sqf Compressed: NO
Extraction result: SUCCESS!
File: description.ext Compressed: NO
Extraction result: SUCCESS!
File: Enemy_SupportFire.sqf Compressed: NO
Extraction result: SUCCESS!
File: Friendly_SupportFire.sqf Compressed: NO
Extraction result: SUCCESS!
File: init.sqf Compressed: NO
Extraction result: SUCCESS!
File: mission.sqm Compressed: NO
Extraction result: SUCCESS!
File: MissionC.sqf Compressed: NO
Extraction result: SUCCESS!
